Rc files read:
  /etc/LatexMk
Latexmk: This is Latexmk, John Collins, 7 Jan. 2023. Version 4.79.
Latexmk: Changing directory to '/overleaf/services/clsi/compiles/69990d6b32bcd6db88cf41f4-69993f95c2963cac903b9f35/'
Latexmk: applying rule 'pdflatex'...
Rule 'pdflatex':  Reasons for rerun
Category 'no_dest':
  pdflatex

------------
Run number 1 of rule 'pdflatex'
------------
------------
Running 'pdflatex  -synctex=1 -interaction=batchmode -recorder --jobname="output"  "bare_conf_compsoc.tex"'
------------
This is pdfTeX, Version 3.141592653-2.6-1.40.24 (TeX Live 2022/Debian) (preloaded format=pdflatex)
 restricted \write18 enabled.
entering extended mode
Latexmk: Getting log file 'output.log'
Latexmk: Examining 'output.fls'
Latexmk: Examining 'output.log'
Latexmk: Log file says output to 'output.pdf'
Latexmk: All targets () are up-to-date
Latexmk: Undoing directory change
'pdflatex': time = 0.19
Processing time = 0.23
Number of rules run = 1

